<?xml version="1.0" encoding="UTF-8" ?>
<testsuite tests="24" failures="0" name="pt.tecnico.drivedb.service.ExecuteFileTest" time="0.781" errors="0" skipped="0">
  <properties>
    <property name="java.runtime.name" value="Java(TM) SE Runtime Environment"/>
    <property name="sun.boot.library.path" value="C:\Program Files\Java\jdk1.8.0_73\jre\bin"/>
    <property name="java.vm.version" value="25.73-b02"/>
    <property name="java.vm.vendor" value="Oracle Corporation"/>
    <property name="maven.multiModuleProjectDirectory" value="C:\Users\Ra\Desktop\ES\es16tg_18-project"/>
    <property name="java.vendor.url" value="http://java.oracle.com/"/>
    <property name="path.separator" value=";"/>
    <property name="guice.disable.misplaced.annotation.check" value="true"/>
    <property name="java.vm.name" value="Java HotSpot(TM) 64-Bit Server VM"/>
    <property name="file.encoding.pkg" value="sun.io"/>
    <property name="user.script" value=""/>
    <property name="user.country" value="PT"/>
    <property name="sun.java.launcher" value="SUN_STANDARD"/>
    <property name="sun.os.patch.level" value=""/>
    <property name="java.vm.specification.name" value="Java Virtual Machine Specification"/>
    <property name="user.dir" value="C:\Users\Ra\Desktop\ES\es16tg_18-project"/>
    <property name="java.runtime.version" value="1.8.0_73-b02"/>
    <property name="java.awt.graphicsenv" value="sun.awt.Win32GraphicsEnvironment"/>
    <property name="java.endorsed.dirs" value="C:\Program Files\Java\jdk1.8.0_73\jre\lib\endorsed"/>
    <property name="os.arch" value="amd64"/>
    <property name="java.io.tmpdir" value="C:\Users\Ra\AppData\Local\Temp\"/>
    <property name="line.separator" value="
"/>
    <property name="java.vm.specification.vendor" value="Oracle Corporation"/>
    <property name="user.variant" value=""/>
    <property name="os.name" value="Windows 10"/>
    <property name="classworlds.conf" value="C:\Program Files\apache-maven-3.3.9\bin\m2.conf"/>
    <property name="sun.jnu.encoding" value="Cp1252"/>
    <property name="java.library.path" value="C:\Program Files\Java\jdk1.8.0_73\bin;C:\WINDOWS\Sun\Java\bin;C:\WINDOWS\system32;C:\WINDOWS;C:\Users\Ra\AppData\Local\GitHub\PortableGit_c7e0cbde92ba565cb218a521411d0e854079a28c\cmd;C:\Users\Ra\AppData\Local\GitHub\PortableGit_c7e0cbde92ba565cb218a521411d0e854079a28c\usr\bin;C:\Users\Ra\AppData\Local\GitHub\PortableGit_c7e0cbde92ba565cb218a521411d0e854079a28c\usr\share\git-tfs;C:\Users\Ra\AppData\Local\Apps\2.0\X7MT2A84.YBD\ZJT9AAXO.92W\gith..tion_317444273a93ac29_0003.0000_328216539257acd4;C:\Users\Ra\AppData\Local\GitHub\lfs-amd64_1.1.0;C:\WINDOWS\Microsoft.NET\Framework\v4.0.30319;C:\ProgramData\Oracle\Java\javapath;C:\Program Files (x86)\Intel\iCLS Client\;C:\Program Files\Intel\iCLS Client\;C:\WINDOWS\system32;C:\WINDOWS;C:\WINDOWS\System32\Wbem;C:\WINDOWS\System32\WindowsPowerShell\v1.0\;C:\Program Files\Intel\Intel(R) Management Engine Components\DAL;C:\Program Files (x86)\Intel\Intel(R) Management Engine Components\DAL;C:\Program Files\Intel\Intel(R) Management Engine Components\IPT;C:\Program Files (x86)\Intel\Intel(R) Management Engine Components\IPT;C:\WINDOWS\system32\config\systemprofile\.dnx\bin;C:\Program Files\Microsoft DNX\Dnvm\;C:\Program Files (x86)\Windows Kits\8.1\Windows Performance Toolkit\;C:\Program Files (x86)\Skype\Phone\;C:\Program Files (x86)\Windows Live\Shared;C:\Program Files\MySQL\MySQL Server 5.7\bin;C:\Program Files\Git\cmd;C:\Program Files\Git\mingw64\bin;C:\Program Files\Git\usr\bin;C:\Program Files\apache-maven-3.3.9\bin;C:\Program Files\Java\jdk1.8.0_73;C:\Program Files (x86)\AVG\Av;."/>
    <property name="java.specification.name" value="Java Platform API Specification"/>
    <property name="java.class.version" value="52.0"/>
    <property name="sun.management.compiler" value="HotSpot 64-Bit Tiered Compilers"/>
    <property name="os.version" value="10.0"/>
    <property name="user.home" value="C:\Users\Ra"/>
    <property name="user.timezone" value="Europe/London"/>
    <property name="java.awt.printerjob" value="sun.awt.windows.WPrinterJob"/>
    <property name="java.specification.version" value="1.8"/>
    <property name="file.encoding" value="Cp1252"/>
    <property name="user.name" value="Ra"/>
    <property name="java.class.path" value="C:\Program Files\apache-maven-3.3.9\boot\plexus-classworlds-2.5.2.jar"/>
    <property name="java.vm.specification.version" value="1.8"/>
    <property name="sun.arch.data.model" value="64"/>
    <property name="java.home" value="C:\Program Files\Java\jdk1.8.0_73\jre"/>
    <property name="sun.java.command" value="org.codehaus.plexus.classworlds.launcher.Launcher package exec:java"/>
    <property name="java.specification.vendor" value="Oracle Corporation"/>
    <property name="user.language" value="pt"/>
    <property name="awt.toolkit" value="sun.awt.windows.WToolkit"/>
    <property name="java.vm.info" value="mixed mode"/>
    <property name="java.version" value="1.8.0_73"/>
    <property name="java.ext.dirs" value="C:\Program Files\Java\jdk1.8.0_73\jre\lib\ext;C:\WINDOWS\Sun\Java\lib\ext"/>
    <property name="sun.boot.class.path" value="C:\Program Files\Java\jdk1.8.0_73\jre\lib\resources.jar;C:\Program Files\Java\jdk1.8.0_73\jre\lib\rt.jar;C:\Program Files\Java\jdk1.8.0_73\jre\lib\sunrsasign.jar;C:\Program Files\Java\jdk1.8.0_73\jre\lib\jsse.jar;C:\Program Files\Java\jdk1.8.0_73\jre\lib\jce.jar;C:\Program Files\Java\jdk1.8.0_73\jre\lib\charsets.jar;C:\Program Files\Java\jdk1.8.0_73\jre\lib\jfr.jar;C:\Program Files\Java\jdk1.8.0_73\jre\classes"/>
    <property name="sun.stderr.encoding" value="cp850"/>
    <property name="java.vendor" value="Oracle Corporation"/>
    <property name="maven.home" value="C:\Program Files\apache-maven-3.3.9"/>
    <property name="file.separator" value="\"/>
    <property name="java.vendor.url.bug" value="http://bugreport.sun.com/bugreport/"/>
    <property name="sun.cpu.endian" value="little"/>
    <property name="sun.io.unicode.encoding" value="UnicodeLittle"/>
    <property name="sun.stdout.encoding" value="cp850"/>
    <property name="sun.desktop" value="windows"/>
    <property name="sun.cpu.isalist" value="amd64"/>
  </properties>
  <testcase classname="pt.tecnico.drivedb.service.ExecuteFileTest" name="sucessExecuteComplexPlainFile" time="0.032"/>
  <testcase classname="pt.tecnico.drivedb.service.ExecuteFileTest" name="isNotTextFile" time="0"/>
  <testcase classname="pt.tecnico.drivedb.service.ExecuteFileTest" name="invalidNonExistentFile" time="0.062"/>
  <testcase classname="pt.tecnico.drivedb.service.ExecuteFileTest" name="sucessLinkToApp" time="0.016"/>
  <testcase classname="pt.tecnico.drivedb.service.ExecuteFileTest" name="insucessLinkToApp" time="0.015"/>
  <testcase classname="pt.tecnico.drivedb.service.ExecuteFileTest" name="noPermissionExecutingFileWithExtension" time="0.063"/>
  <testcase classname="pt.tecnico.drivedb.service.ExecuteFileTest" name="successLinkWithEnvVarEndOfPath" time="0.078"/>
  <testcase classname="pt.tecnico.drivedb.service.ExecuteFileTest" name="sucessExecuteAppWithPath" time="0.016"/>
  <testcase classname="pt.tecnico.drivedb.service.ExecuteFileTest" name="sucessExecuteApp" time="0.015"/>
  <testcase classname="pt.tecnico.drivedb.service.ExecuteFileTest" name="invalidExtensionHasNotAppAssociation" time="0.063"/>
  <testcase classname="pt.tecnico.drivedb.service.ExecuteFileTest" name="successLinkWithEnvVar" time="0.093"/>
  <testcase classname="pt.tecnico.drivedb.service.ExecuteFileTest" name="sucessLinkToPlainFile" time="0.016"/>
  <testcase classname="pt.tecnico.drivedb.service.ExecuteFileTest" name="appWithOmmitedMethod" time="0.031"/>
  <testcase classname="pt.tecnico.drivedb.service.ExecuteFileTest" name="PlainFileWithContentNotExecutable" time="0"/>
  <testcase classname="pt.tecnico.drivedb.service.ExecuteFileTest" name="expiredSession" time="0"/>
  <testcase classname="pt.tecnico.drivedb.service.ExecuteFileTest" name="sucessExecuteSimplePlainFile" time="0.016"/>
  <testcase classname="pt.tecnico.drivedb.service.ExecuteFileTest" name="insucessExecuteApp" time="0"/>
  <testcase classname="pt.tecnico.drivedb.service.ExecuteFileTest" name="invalidToken" time="0.015"/>
  <testcase classname="pt.tecnico.drivedb.service.ExecuteFileTest" name="insucessLinkToPlainFile" time="0.016"/>
  <testcase classname="pt.tecnico.drivedb.service.ExecuteFileTest" name="invalidPathLinkWithEnvVarNonExistent" time="0.047"/>
  <testcase classname="pt.tecnico.drivedb.service.ExecuteFileTest" name="emptyApp" time="0.015"/>
  <testcase classname="pt.tecnico.drivedb.service.ExecuteFileTest" name="sucessExecutingFileWithExtension" time="0.078"/>
  <testcase classname="pt.tecnico.drivedb.service.ExecuteFileTest" name="invalidPathLinkWithEnvVar" time="0.079"/>
  <testcase classname="pt.tecnico.drivedb.service.ExecuteFileTest" name="expiredRootSession" time="0.015"/>
</testsuite>